<?xml version="1.0" encoding="UTF-8"?>
<testng-results total="1" passed="1" failed="0" skipped="0">
  <reporter-output>
  </reporter-output>
  <suite started-at="2021-04-14T04:20:56Z" name="Suite" finished-at="2021-04-14T04:21:20Z" duration-ms="24111">
    <groups>
    </groups>
    <test started-at="2021-04-14T04:20:56Z" name="Test" finished-at="2021-04-14T04:21:20Z" duration-ms="24111">
      <class name="soapui.JavaSoapRunner">
        <test-method signature="testsoap()[pri:0, instance:soapui.JavaSoapRunner@72f926e6]" started-at="2021-04-14T09:50:56Z" name="testsoap" finished-at="2021-04-14T09:51:20Z" duration-ms="24063" status="PASS">
          <reporter-output>
          </reporter-output>
        </test-method> <!-- testsoap -->
      </class> <!-- soapui.JavaSoapRunner -->
    </test> <!-- Test -->
  </suite> <!-- Suite -->
</testng-results>
